<?xml version="1.0" encoding="UTF-8"?>
<testng-results skipped="0" failed="0" ignored="5" total="15" passed="10">
  <reporter-output>
  </reporter-output>
  <suite name="Suite1" duration-ms="2367" started-at="2017-01-23T21:10:42Z" finished-at="2017-01-23T21:10:44Z">
    <groups>
    </groups>
    <test name="=suite 1" duration-ms="2367" started-at="2017-01-23T21:10:42Z" finished-at="2017-01-23T21:10:44Z">
      <class name="UnitTest.sumTest">
        <test-method status="PASS" signature="beforeClass()[pri:0, instance:UnitTest.sumTest@4439f31e]" name="beforeClass" is-config="true" duration-ms="47" started-at="2017-01-24T00:10:42Z" finished-at="2017-01-24T00:10:42Z">
          <reporter-output>
          </reporter-output>
        </test-method> <!-- beforeClass -->
        <test-method status="PASS" signature="Setup()[pri:0, instance:UnitTest.sumTest@4439f31e]" name="Setup" is-config="true" duration-ms="0" started-at="2017-01-24T00:10:42Z" finished-at="2017-01-24T00:10:42Z">
          <reporter-output>
          </reporter-output>
        </test-method> <!-- Setup -->
        <test-method status="PASS" signature="sqrtOfFour()[pri:0, instance:UnitTest.sumTest@4439f31e]" name="sqrtOfFour" duration-ms="2149" started-at="2017-01-24T00:10:42Z" finished-at="2017-01-24T00:10:44Z">
          <reporter-output>
          </reporter-output>
        </test-method> <!-- sqrtOfFour -->
        <test-method status="PASS" signature="numberIsNegative()[pri:0, instance:UnitTest.sumTest@4439f31e]" name="numberIsNegative" duration-ms="2149" started-at="2017-01-24T00:10:42Z" finished-at="2017-01-24T00:10:44Z">
          <reporter-output>
          </reporter-output>
        </test-method> <!-- numberIsNegative -->
        <test-method status="PASS" signature="numberIsPositive()[pri:0, instance:UnitTest.sumTest@4439f31e]" name="numberIsPositive" duration-ms="2180" started-at="2017-01-24T00:10:42Z" finished-at="2017-01-24T00:10:44Z">
          <reporter-output>
          </reporter-output>
        </test-method> <!-- numberIsPositive -->
        <test-method status="PASS" signature="sinOfZero()[pri:0, instance:UnitTest.sumTest@4439f31e]" name="sinOfZero" duration-ms="47" started-at="2017-01-24T00:10:42Z" description="sin of 0" finished-at="2017-01-24T00:10:42Z">
          <reporter-output>
          </reporter-output>
        </test-method> <!-- sinOfZero -->
        <test-method status="PASS" signature="testDivByZero()[pri:0, instance:UnitTest.sumTest@4439f31e]" name="testDivByZero" duration-ms="0" started-at="2017-01-24T00:10:42Z" finished-at="2017-01-24T00:10:42Z">
          <exception class="java.lang.NumberFormatException">
            <message>
              <![CDATA[Attempt to divide by zero]]>
            </message>
            <full-stacktrace>
              <![CDATA[java.lang.NumberFormatException: Attempt to divide by zero
	at com.epam.tat.module4.Calculator.div(Calculator.java:34)
	at UnitTest.sumTest.testDivByZero(sumTest.java:37)
	at sun.reflect.NativeMethodAccessorImpl.invoke0(Native Method)
	at sun.reflect.NativeMethodAccessorImpl.invoke(Unknown Source)
	at sun.reflect.DelegatingMethodAccessorImpl.invoke(Unknown Source)
	at java.lang.reflect.Method.invoke(Unknown Source)
	at org.testng.internal.MethodInvocationHelper.invokeMethod(MethodInvocationHelper.java:104)
	at org.testng.internal.Invoker.invokeMethod(Invoker.java:645)
	at org.testng.internal.Invoker.invokeTestMethod(Invoker.java:851)
	at org.testng.internal.Invoker.invokeTestMethods(Invoker.java:1177)
	at org.testng.internal.TestMethodWorker.invokeTestMethods(TestMethodWorker.java:129)
	at org.testng.internal.TestMethodWorker.run(TestMethodWorker.java:112)
	at java.util.concurrent.ThreadPoolExecutor.runWorker(Unknown Source)
	at java.util.concurrent.ThreadPoolExecutor$Worker.run(Unknown Source)
	at java.lang.Thread.run(Unknown Source)
]]>
            </full-stacktrace>
          </exception> <!-- java.lang.NumberFormatException -->
          <reporter-output>
          </reporter-output>
        </test-method> <!-- testDivByZero -->
        <test-method status="PASS" signature="testDivTreeByTwo()[pri:0, instance:UnitTest.sumTest@4439f31e]" name="testDivTreeByTwo" duration-ms="2086" started-at="2017-01-24T00:10:42Z" description="test division for 6 by 2 equils 3" finished-at="2017-01-24T00:10:44Z">
          <reporter-output>
          </reporter-output>
        </test-method> <!-- testDivTreeByTwo -->
        <test-method status="PASS" signature="testSum(long, long, long)[pri:0, instance:UnitTest.sumTest@4439f31e]" name="testSum" duration-ms="0" started-at="2017-01-24T00:10:44Z" data-provider="dataProviderForSum" finished-at="2017-01-24T00:10:44Z">
          <params>
            <param index="0">
              <value>
                <![CDATA[1]]>
              </value>
            </param>
            <param index="1">
              <value>
                <![CDATA[1]]>
              </value>
            </param>
            <param index="2">
              <value>
                <![CDATA[2]]>
              </value>
            </param>
          </params>
          <reporter-output>
          </reporter-output>
        </test-method> <!-- testSum -->
        <test-method status="PASS" signature="testSum(long, long, long)[pri:0, instance:UnitTest.sumTest@4439f31e]" name="testSum" duration-ms="0" started-at="2017-01-24T00:10:44Z" data-provider="dataProviderForSum" finished-at="2017-01-24T00:10:44Z">
          <params>
            <param index="0">
              <value>
                <![CDATA[0]]>
              </value>
            </param>
            <param index="1">
              <value>
                <![CDATA[0]]>
              </value>
            </param>
            <param index="2">
              <value>
                <![CDATA[0]]>
              </value>
            </param>
          </params>
          <reporter-output>
          </reporter-output>
        </test-method> <!-- testSum -->
        <test-method status="PASS" signature="testSum(long, long, long)[pri:0, instance:UnitTest.sumTest@4439f31e]" name="testSum" duration-ms="0" started-at="2017-01-24T00:10:44Z" data-provider="dataProviderForSum" finished-at="2017-01-24T00:10:44Z">
          <params>
            <param index="0">
              <value>
                <![CDATA[4]]>
              </value>
            </param>
            <param index="1">
              <value>
                <![CDATA[-4]]>
              </value>
            </param>
            <param index="2">
              <value>
                <![CDATA[0]]>
              </value>
            </param>
          </params>
          <reporter-output>
          </reporter-output>
        </test-method> <!-- testSum -->
        <test-method status="PASS" signature="testSum(long, long, long)[pri:0, instance:UnitTest.sumTest@4439f31e]" name="testSum" duration-ms="15" started-at="2017-01-24T00:10:44Z" data-provider="dataProviderForSum" finished-at="2017-01-24T00:10:44Z">
          <params>
            <param index="0">
              <value>
                <![CDATA[1]]>
              </value>
            </param>
            <param index="1">
              <value>
                <![CDATA[-10]]>
              </value>
            </param>
            <param index="2">
              <value>
                <![CDATA[-9]]>
              </value>
            </param>
          </params>
          <reporter-output>
          </reporter-output>
        </test-method> <!-- testSum -->
        <test-method status="PASS" signature="afterClass()[pri:0, instance:UnitTest.sumTest@4439f31e]" name="afterClass" is-config="true" duration-ms="0" started-at="2017-01-24T00:10:44Z" finished-at="2017-01-24T00:10:44Z">
          <reporter-output>
          </reporter-output>
        </test-method> <!-- afterClass -->
      </class> <!-- UnitTest.sumTest -->
    </test> <!-- =suite 1 -->
  </suite> <!-- Suite1 -->
</testng-results>
