<?xml version="1.0" encoding="UTF-8"?>
<!-- Generated by org.testng.reporters.JUnitXMLReporter -->
<testsuite hostname="DESKTOP-M3OIBUQ" ignored="5" name="=suite 1" tests="10" failures="0" timestamp="23 Jan 2017 21:10:44 GMT" time="2.367" errors="0">
  <testcase name="sinOfZero" time="0.047" classname="UnitTest.sumTest"/>
  <testcase name="testDivByZero" time="0.0" classname="UnitTest.sumTest"/>
  <testcase name="numberIsNegative" time="2.149" classname="UnitTest.sumTest"/>
  <testcase name="sqrtOfFour" time="2.149" classname="UnitTest.sumTest"/>
  <testcase name="testDivTreeByTwo" time="2.086" classname="UnitTest.sumTest"/>
  <testcase name="testSum" time="0.0" classname="UnitTest.sumTest"/>
  <testcase name="numberIsPositive" time="2.18" classname="UnitTest.sumTest"/>
  <testcase name="testSum" time="0.0" classname="UnitTest.sumTest"/>
  <testcase name="testSum" time="0.0" classname="UnitTest.sumTest"/>
  <testcase name="testSum" time="0.015" classname="UnitTest.sumTest"/>
  <testcase name="tagOfZero" time="0.0" classname="UnitTest.sumTest">
    <ignored/>
  </testcase> <!-- tagOfZero -->
  <testcase name="multiplicationTwoAndTwo" time="0.0" classname="UnitTest.sumTest">
    <ignored/>
  </testcase> <!-- multiplicationTwoAndTwo -->
  <testcase name="testDivByZeroDouble" time="0.0" classname="UnitTest.sumTest">
    <ignored/>
  </testcase> <!-- testDivByZeroDouble -->
  <testcase name="ctgOfRightTangel" time="0.0" classname="UnitTest.sumTest">
    <ignored/>
  </testcase> <!-- ctgOfRightTangel -->
  <testcase name="cosOfZero" time="0.0" classname="UnitTest.sumTest">
    <ignored/>
  </testcase> <!-- cosOfZero -->
</testsuite> <!-- =suite 1 -->
