<?xml version="1.0" encoding="UTF-8"?>
<testng-results skipped="0" failed="0" ignored="0" total="1" passed="1">
  <reporter-output>
  </reporter-output>
  <suite name="Default suite" duration-ms="61295" started-at="2017-01-29T09:43:47Z" finished-at="2017-01-29T09:44:49Z">
    <groups>
    </groups>
    <test name="Default test" duration-ms="61295" started-at="2017-01-29T09:43:47Z" finished-at="2017-01-29T09:44:49Z">
      <class name="tests.GmailTest">
        <test-method status="PASS" signature="setUp()[pri:0, instance:tests.GmailTest@5702b3b1]" name="setUp" is-config="true" duration-ms="4951" started-at="2017-01-29T12:43:47Z" description="chrome remote launch" finished-at="2017-01-29T12:43:52Z">
          <reporter-output>
          </reporter-output>
        </test-method> <!-- setUp -->
        <test-method status="PASS" signature="checkMessageIsSent()[pri:0, instance:tests.GmailTest@5702b3b1]" name="checkMessageIsSent" duration-ms="56258" started-at="2017-01-29T12:43:52Z" finished-at="2017-01-29T12:44:49Z">
          <reporter-output>
          </reporter-output>
        </test-method> <!-- checkMessageIsSent -->
        <test-method status="PASS" signature="tearDown()[pri:0, instance:tests.GmailTest@5702b3b1]" name="tearDown" is-config="true" duration-ms="1" started-at="2017-01-29T12:44:49Z" finished-at="2017-01-29T12:44:49Z">
          <reporter-output>
          </reporter-output>
        </test-method> <!-- tearDown -->
      </class> <!-- tests.GmailTest -->
    </test> <!-- Default test -->
  </suite> <!-- Default suite -->
</testng-results>
